{
  "RSpec": {
    "coverage": {
      "/home/arhaine/RubyHelloWorlds/Homeworks/Calc-master/project/calc.rb": [
        null,
        1,
        1,
        1,
        4,
        null,
        null,
        1,
        8,
        null,
        null,
        1,
        10,
        3,
        3,
        null,
        null,
        1,
        10,
        3,
        3,
        null,
        null,
        null,
        1,
        6,
        null,
        null,
        null,
        null
      ]
    },
    "timestamp": 1381172462
  }
}
